<testsuites id="" name="" tests="4" failures="0" skipped="0" errors="0" time="2.0371070000000002">
<testsuite name="auth.setup.ts" timestamp="2026-06-15T15:30:39.811Z" hostname="setup" tests="2" failures="0" skipped="0" time="1.035" errors="0">
<testcase name="authenticate standard user" classname="auth.setup.ts" time="0.515">
</testcase>
<testcase name="authenticate visual user" classname="auth.setup.ts" time="0.52">
</testcase>
</testsuite>
<testsuite name="auth-tests/different-users.spec.ts" timestamp="2026-06-15T15:30:39.811Z" hostname="chromium" tests="2" failures="0" skipped="0" time="1.122" errors="0">
<testcase name="price of first item" classname="auth-tests/different-users.spec.ts" time="0.572">
<system-out>
<![CDATA[
[[ATTACHMENT|test-results/auth-tests-different-users-price-of-first-item-chromium/trace.zip]]
]]>
</system-out>
</testcase>
<testcase name="visual user tests › price of first item" classname="auth-tests/different-users.spec.ts" time="0.55">
<system-out>
<![CDATA[
[[ATTACHMENT|test-results/auth-tests-different-users-613a7-r-tests-price-of-first-item-chromium/trace.zip]]
]]>
</system-out>
</testcase>
</testsuite>
</testsuites>